<?xml version="1.0" encoding="UTF-8"?><testsuite errors="1" failures="0" name="Check the correct behavior of the login features in the ecommerce" skipped="0" tests="1" time="16.57" timestamp="2020-11-24 10:42:19"><testcase name="Login with invalid or non registered credentials"><error message="no such element: Unable to locate element: {&quot;method&quot;:&quot;css selector&quot;,&quot;selector&quot;:&quot;#center_column &gt; div.alert.alert-danger&quot;}&#10;  (Session info: chrome=87.0.4280.66)&#10;For documentation on this error, please visit: https://www.seleniumhq.org/exceptions/no_such_element.html&#10;Build info: version: '3.141.59', revision: 'e82be7d358', time: '2018-11-14T08:17:03'&#10;System info: host: 'GUIDO-LENOVO', ip: '192.168.1.78', os.name: 'Windows 10', os.arch: 'amd64', os.version: '10.0', java.version: '1.8.0_271'&#10;Driver info: org.openqa.selenium.chrome.ChromeDriver&#10;Capabilities {acceptInsecureCerts: false, browserName: chrome, browserVersion: 87.0.4280.66, chrome: {chromedriverVersion: 87.0.4280.20 (c99e81631faa0..., userDataDir: C:\Users\guido\AppData\Loca...}, goog:chromeOptions: {debuggerAddress: localhost:49561}, javascriptEnabled: true, networkConnectionEnabled: false, pageLoadStrategy: normal, platform: WINDOWS, platformName: WINDOWS, proxy: Proxy(), setWindowRect: true, strictFileInteractability: false, timeouts: {implicit: 0, pageLoad: 300000, script: 30000}, unhandledPromptBehavior: dismiss and notify, webauthn:virtualAuthenticators: true}&#10;Session ID: 7af58ec61888d770ea4bed8f07f1f58b&#10;*** Element info: {Using=css selector, value=#center_column &gt; div.alert.alert-danger}" type="java.lang.AssertionError">no such element: Unable to locate element: {"method":"css selector","selector":"#center_column &gt; div.alert.alert-danger"}
  (Session info: chrome=87.0.4280.66)
For documentation on this error, please visit: https://www.seleniumhq.org/exceptions/no_such_element.html
Build info: version: '3.141.59', revision: 'e82be7d358', time: '2018-11-14T08:17:03'
System info: host: 'GUIDO-LENOVO', ip: '192.168.1.78', os.name: 'Windows 10', os.arch: 'amd64', os.version: '10.0', java.version: '1.8.0_271'
Driver info: org.openqa.selenium.chrome.ChromeDriver
Capabilities {acceptInsecureCerts: false, browserName: chrome, browserVersion: 87.0.4280.66, chrome: {chromedriverVersion: 87.0.4280.20 (c99e81631faa0..., userDataDir: C:\Users\guido\AppData\Loca...}, goog:chromeOptions: {debuggerAddress: localhost:49561}, javascriptEnabled: true, networkConnectionEnabled: false, pageLoadStrategy: normal, platform: WINDOWS, platformName: WINDOWS, proxy: Proxy(), setWindowRect: true, strictFileInteractability: false, timeouts: {implicit: 0, pageLoad: 300000, script: 30000}, unhandledPromptBehavior: dismiss and notify, webauthn:virtualAuthenticators: true}
Session ID: 7af58ec61888d770ea4bed8f07f1f58b
*** Element info: {Using=css selector, value=#center_column &gt; div.alert.alert-danger}</error><system-err>no such element: Unable to locate element: {"method":"css selector","selector":"#center_column &gt; div.alert.alert-danger"}
  (Session info: chrome=87.0.4280.66)
For documentation on this error, please visit: https://www.seleniumhq.org/exceptions/no_such_element.html
Build info: version: '3.141.59', revision: 'e82be7d358', time: '2018-11-14T08:17:03'
System info: host: 'GUIDO-LENOVO', ip: '192.168.1.78', os.name: 'Windows 10', os.arch: 'amd64', os.version: '10.0', java.version: '1.8.0_271'
Driver info: org.openqa.selenium.chrome.ChromeDriver
Capabilities {acceptInsecureCerts: false, browserName: chrome, browserVersion: 87.0.4280.66, chrome: {chromedriverVersion: 87.0.4280.20 (c99e81631faa0..., userDataDir: C:\Users\guido\AppData\Loca...}, goog:chromeOptions: {debuggerAddress: localhost:49561}, javascriptEnabled: true, networkConnectionEnabled: false, pageLoadStrategy: normal, platform: WINDOWS, platformName: WINDOWS, proxy: Proxy(), setWindowRect: true, strictFileInteractability: false, timeouts: {implicit: 0, pageLoad: 300000, script: 30000}, unhandledPromptBehavior: dismiss and notify, webauthn:virtualAuthenticators: true}
Session ID: 7af58ec61888d770ea4bed8f07f1f58b
*** Element info: {Using=css selector, value=#center_column &gt; div.alert.alert-danger}&#13;
steps.LoginSteps.theEcommerceShouldBeShowAnErrorFeedback(LoginSteps.java:42)&#13;
✽.the ecommerce should be show an error feedback(src/test/resources/features/login.feature:6)&#13;
</system-err></testcase></testsuite>